<?xml version="1.0" encoding="UTF-8"?>
<!-- Generated by org.testng.reporters.JUnitReportReporter -->
<testsuite hostname="LAPTOP-0475Q11S" failures="0" tests="1" name="Tester.Test.ActionsMethod" time="0.007" errors="0" timestamp="2022-06-21T17:18:55 IST" skipped="0">
  <testcase classname="Tester.Test.ActionsMethod" name="act" time="0.007"/>
  <system-out/>
</testsuite> <!-- Tester.Test.ActionsMethod -->
