<?xml version="1.0" encoding="UTF-8"?>
<!-- Generated by org.testng.reporters.JUnitReportReporter -->
<testsuite hostname="LAPTOP-0475Q11S" failures="0" tests="1" name="Tester.Test.ActionParentChild" time="5.875" errors="0" timestamp="2021-10-12T01:32:31 IST" skipped="0">
  <testcase classname="Tester.Test.ActionParentChild" name="act" time="5.875"/>
  <system-out/>
</testsuite> <!-- Tester.Test.ActionParentChild -->
