<?xml version="1.0" encoding="UTF-8"?>
<!-- Generated by org.testng.reporters.JUnitReportReporter -->
<testsuite hostname="LAPTOP-0475Q11S" failures="0" tests="1" name="Tester.Test.Second" time="4.597" errors="0" timestamp="2021-08-15T00:42:05 IST" skipped="0">
  <testcase classname="Tester.Test.Second" name="m2" time="4.597"/>
  <system-out/>
</testsuite> <!-- Tester.Test.Second -->
