<?xml version="1.0" encoding="UTF-8"?>
<!-- Generated by org.testng.reporters.JUnitReportReporter -->
<testsuite hostname="LAPTOP-0475Q11S" failures="0" tests="1" name="Tester.Test.Testng" time="0.003" errors="0" timestamp="2021-08-15T00:42:05 IST" skipped="0">
  <testcase classname="Tester.Test.Testng" name="m" time="0.003"/>
  <system-out/>
</testsuite> <!-- Tester.Test.Testng -->
